<?xml version="1.0" encoding="UTF-8"?>
<testng-results skipped="0" failed="0" ignored="8" total="10" passed="2">
  <reporter-output>
    <line>
      <![CDATA[Username: amit]]>
    </line>
    <line>
      <![CDATA[Password: Amit123]]>
    </line>
    <line>
      <![CDATA[Executing testNG2Test5 which is both sanity as well as regression test case]]>
    </line>
  </reporter-output>
  <suite name="SanitySuite" duration-ms="78" started-at="2018-03-18T09:51:02Z" finished-at="2018-03-18T09:51:02Z">
    <groups>
      <group name="regression">
        <method signature="TestNG2.testNG2Test5()[pri:0, instance:frm.testng.TestNG2@93e86f]" name="testNG2Test5" class="frm.testng.TestNG2"/>
      </group> <!-- regression -->
      <group name="sanity">
        <method signature="TestNG2.testNG2Test1(java.lang.String, java.lang.String)[pri:0, instance:frm.testng.TestNG2@93e86f]" name="testNG2Test1" class="frm.testng.TestNG2"/>
        <method signature="TestNG2.testNG2Test5()[pri:0, instance:frm.testng.TestNG2@93e86f]" name="testNG2Test5" class="frm.testng.TestNG2"/>
      </group> <!-- sanity -->
    </groups>
    <test name="RegisterUserTests" duration-ms="78" started-at="2018-03-18T09:51:02Z" finished-at="2018-03-18T09:51:02Z">
      <class name="frm.testng.TestNG2">
        <test-method status="PASS" signature="testNG2Test1(java.lang.String, java.lang.String)[pri:0, instance:frm.testng.TestNG2@93e86f]" name="testNG2Test1" duration-ms="16" started-at="2018-03-18T15:21:02Z" finished-at="2018-03-18T15:21:02Z">
          <params>
            <param index="0">
              <value>
                <![CDATA[amit]]>
              </value>
            </param>
            <param index="1">
              <value>
                <![CDATA[Amit123]]>
              </value>
            </param>
          </params>
          <reporter-output>
            <line>
              <![CDATA[Username: amit]]>
            </line>
            <line>
              <![CDATA[Password: Amit123]]>
            </line>
          </reporter-output>
        </test-method> <!-- testNG2Test1 -->
        <test-method status="PASS" signature="testNG2Test5()[pri:0, instance:frm.testng.TestNG2@93e86f]" name="testNG2Test5" duration-ms="0" started-at="2018-03-18T15:21:02Z" finished-at="2018-03-18T15:21:02Z">
          <reporter-output>
            <line>
              <![CDATA[Executing testNG2Test5 which is both sanity as well as regression test case]]>
            </line>
          </reporter-output>
        </test-method> <!-- testNG2Test5 -->
      </class> <!-- frm.testng.TestNG2 -->
    </test> <!-- RegisterUserTests -->
  </suite> <!-- SanitySuite -->
</testng-results>
