<?xml version="1.0" encoding="UTF-8"?>
<!-- Generated by org.testng.reporters.JUnitXMLReporter -->
<testsuite hostname="MANOJSU02" ignored="8" name="RegisterUserTests" tests="2" failures="0" timestamp="18 Mar 2018 09:51:02 GMT" time="0.078" errors="0">
  <testcase name="testNG2Test1" time="0.016" classname="frm.testng.TestNG2"/>
  <testcase name="testNG2Test5" time="0.0" classname="frm.testng.TestNG2"/>
  <testcase name="testNG2Test2" time="0.0" classname="frm.testng.TestNG2">
    <ignored/>
  </testcase> <!-- testNG2Test2 -->
  <testcase name="testNG2Test4" time="0.0" classname="frm.testng.TestNG2">
    <ignored/>
  </testcase> <!-- testNG2Test4 -->
  <testcase name="testNG2Test3" time="0.0" classname="frm.testng.TestNG2">
    <ignored/>
  </testcase> <!-- testNG2Test3 -->
  <testcase name="testCase5" time="0.0" classname="frm.testng.TestNG1">
    <ignored/>
  </testcase> <!-- testCase5 -->
  <testcase name="testCase1" time="0.0" classname="frm.testng.TestNG1">
    <ignored/>
  </testcase> <!-- testCase1 -->
  <testcase name="testCase2" time="0.0" classname="frm.testng.TestNG1">
    <ignored/>
  </testcase> <!-- testCase2 -->
  <testcase name="testCase3" time="0.0" classname="frm.testng.TestNG1">
    <ignored/>
  </testcase> <!-- testCase3 -->
  <testcase name="testCase4" time="0.0" classname="frm.testng.TestNG1">
    <ignored/>
  </testcase> <!-- testCase4 -->
</testsuite> <!-- RegisterUserTests -->
